2023-06-09 21:26:24,147 - contadores - ERROR - Error al consultar DB - string indices must be integers
2023-06-09 21:26:24,147 - contadores - ERROR - Error al consultar DB - string indices must be integers
2023-06-09 21:27:20,924 - contadores - ERROR - Error al consultar DB - Quitting debugger
2023-06-09 21:27:27,764 - contadores - ERROR - Error al consultar DB - filter must be an instance of dict, bson.son.SON, or any other type that inherits from collections.Mapping
2023-06-09 21:27:27,765 - contadores - ERROR - Falló la conexión con la base de datos - Port must be an integer between 0 and 65535: "27017']"
2023-06-09 21:27:31,458 - contadores - ERROR - Error al consultar DB - filter must be an instance of dict, bson.son.SON, or any other type that inherits from collections.Mapping
2023-06-09 21:27:38,232 - contadores - ERROR - Error al consultar DB - filter must be an instance of dict, bson.son.SON, or any other type that inherits from collections.Mapping
2023-06-09 21:27:38,233 - contadores - ERROR - Falló la conexión con la base de datos - Port must be an integer between 0 and 65535: "27017']"
2023-06-09 21:27:38,233 - contadores - ERROR - Error al consultar DB - filter must be an instance of dict, bson.son.SON, or any other type that inherits from collections.Mapping
2023-06-09 21:30:28,892 - contadores - ERROR - Error al consultar DB - Quitting debugger
2023-06-09 21:30:28,892 - contadores - ERROR - Falló la conexión con la base de datos - Port must be an integer between 0 and 65535: "27017']"
2023-06-09 21:33:11,747 - contadores - ERROR - Error al consultar DB - Quitting debugger
2023-06-09 21:33:11,747 - contadores - ERROR - Falló la conexión con la base de datos - Port must be an integer between 0 and 65535: "27017']"
2023-06-09 21:33:12,497 - contadores - ERROR - Error al consultar DB - Quitting debugger
2023-06-09 21:33:15,687 - contadores - ERROR - Falló la conexión con la base de datos - Port must be an integer between 0 and 65535: "27017']"
2023-06-09 21:40:54,628 - contadores - ERROR - Error al consultar DB - Quitting debugger
2023-06-09 21:40:54,629 - contadores - ERROR - Falló la conexión con la base de datos - Port must be an integer between 0 and 65535: "27017']"
2023-06-09 21:40:55,493 - contadores - ERROR - Error al consultar DB - Quitting debugger
2023-06-09 21:41:00,743 - contadores - ERROR - Error al consultar DB - 'NoneType' object is not subscriptable
2023-06-09 21:41:00,744 - contadores - ERROR - Falló la conexión con la base de datos - Port must be an integer between 0 and 65535: "27017']"
2023-06-09 21:41:05,281 - contadores - ERROR - Error al consultar DB - 'NoneType' object is not subscriptable
2023-06-09 21:41:35,680 - contadores - ERROR - Error al consultar DB - Quitting debugger
2023-06-09 21:41:35,680 - contadores - ERROR - Falló la conexión con la base de datos - Port must be an integer between 0 and 65535: "27017']"
2023-06-09 21:43:51,151 - contadores - ERROR - Error al consultar DB - Quitting debugger
2023-06-09 21:44:59,601 - contadores - ERROR - Falló la conexión con la base de datos - Port must be an integer between 0 and 65535: "27017']"
